[debug] [2019-01-11T13:33:52.595Z] ----------------------------------------------------------------------
[debug] [2019-01-11T13:33:52.597Z] Command:       C:\Program Files\nodejs\node.exe C:\Users\auvik\AppData\Roaming\npm\node_modules\firebase-tools\lib\bin\firebase.js serve --only functions
[debug] [2019-01-11T13:33:52.597Z] CLI Version:   6.2.2
[debug] [2019-01-11T13:33:52.597Z] Platform:      win32
[debug] [2019-01-11T13:33:52.597Z] Node Version:  v10.11.0
[debug] [2019-01-11T13:33:52.598Z] Time:          Fri Jan 11 2019 19:33:52 GMT+0600 (Bangladesh Standard Time)
[debug] [2019-01-11T13:33:52.598Z] ----------------------------------------------------------------------
[debug] 
[debug] [2019-01-11T13:33:52.608Z] > command requires scopes: ["email","openid","https://www.googleapis.com/auth/cloudplatformprojects.readonly","https://www.googleapis.com/auth/firebase","https://www.googleapis.com/auth/cloud-platform"]
[debug] [2019-01-11T13:33:52.609Z] > authorizing via signed-in user
[debug] [2019-01-11T13:33:52.609Z] [iam] checking project inspection-app-49829 for permissions ["firebase.projects.get"]
[debug] [2019-01-11T13:33:52.611Z] >>> HTTP REQUEST POST https://cloudresourcemanager.googleapis.com/v1/projects/inspection-app-49829:testIamPermissions  

[debug] [2019-01-11T13:33:54.068Z] <<< HTTP RESPONSE 200
[debug] [2019-01-11T13:33:54.073Z] >>> HTTP REQUEST GET https://cloudresourcemanager.googleapis.com/v1/projects/inspection-app-49829  
 
[debug] [2019-01-11T13:33:55.488Z] <<< HTTP RESPONSE 200
[info] 
[info] === Serving from 'C:\Work\justin\pwa'...
[info] 
[info] i  functions: Preparing to emulate functions.
[debug] [2019-01-11T13:33:56.137Z] Fetching environment
[debug] [2019-01-11T13:33:56.140Z] >>> HTTP REQUEST GET https://mobilesdk-pa.googleapis.com/v1/projects/927219938723:getServerAppConfig  
 
[debug] [2019-01-11T13:33:56.795Z] <<< HTTP RESPONSE 200
[debug] [2019-01-11T13:33:56.795Z] Starting @google-cloud/functions-emulator
[debug] [2019-01-11T13:33:58.820Z] Parsing function triggers
[info] +  functions: generateReport: http://localhost:5000/inspection-app-49829/us-central1/generateReport
[info] Shutting down...
[debug] [2019-01-11T14:40:33.793Z] ----------------------------------------------------------------------
[debug] [2019-01-11T14:40:33.796Z] Command:       C:\Program Files\nodejs\node.exe C:\Users\auvik\AppData\Roaming\npm\node_modules\firebase-tools\lib\bin\firebase.js serve --only functions
[debug] [2019-01-11T14:40:33.796Z] CLI Version:   6.2.2
[debug] [2019-01-11T14:40:33.796Z] Platform:      win32
[debug] [2019-01-11T14:40:33.796Z] Node Version:  v10.11.0
[debug] [2019-01-11T14:40:33.797Z] Time:          Fri Jan 11 2019 20:40:33 GMT+0600 (Bangladesh Standard Time)
[debug] [2019-01-11T14:40:33.797Z] ----------------------------------------------------------------------
[debug] 
[debug] [2019-01-11T14:40:33.808Z] > command requires scopes: ["email","openid","https://www.googleapis.com/auth/cloudplatformprojects.readonly","https://www.googleapis.com/auth/firebase","https://www.googleapis.com/auth/cloud-platform"]
[debug] [2019-01-11T14:40:33.809Z] > authorizing via signed-in user
[debug] [2019-01-11T14:40:33.809Z] [iam] checking project inspection-app-49829 for permissions ["firebase.projects.get"]
[debug] [2019-01-11T14:40:33.811Z] > refreshing access token with scopes: ["email","https://www.googleapis.com/auth/cloud-platform","https://www.googleapis.com/auth/cloudplatformprojects.readonly","https://www.googleapis.com/auth/firebase","openid"]
[debug] [2019-01-11T14:40:33.811Z] >>> HTTP REQUEST POST https://www.googleapis.com/oauth2/v3/token  
 <request body omitted>
[debug] [2019-01-11T14:40:34.327Z] <<< HTTP RESPONSE 200
[debug] [2019-01-11T14:40:34.332Z] >>> HTTP REQUEST POST https://cloudresourcemanager.googleapis.com/v1/projects/inspection-app-49829:testIamPermissions  

[debug] [2019-01-11T14:40:36.010Z] <<< HTTP RESPONSE 200
[debug] [2019-01-11T14:40:36.011Z] >>> HTTP REQUEST GET https://cloudresourcemanager.googleapis.com/v1/projects/inspection-app-49829  
 
[debug] [2019-01-11T14:40:37.578Z] <<< HTTP RESPONSE 200
[info] 
[info] === Serving from 'C:\Work\justin\pwa'...
[info] 
[info] i  functions: Preparing to emulate functions.
[debug] [2019-01-11T14:40:38.247Z] Fetching environment
[debug] [2019-01-11T14:40:38.249Z] >>> HTTP REQUEST GET https://mobilesdk-pa.googleapis.com/v1/projects/927219938723:getServerAppConfig  
 
[debug] [2019-01-11T14:40:38.934Z] <<< HTTP RESPONSE 200
[debug] [2019-01-11T14:40:38.934Z] Starting @google-cloud/functions-emulator
[debug] [2019-01-11T14:40:40.956Z] Parsing function triggers
[info] +  functions: generateReport: http://localhost:5000/inspection-app-49829/us-central1/generateReport
[info] Shutting down...
[debug] [2019-01-11T14:47:05.435Z] ----------------------------------------------------------------------
[debug] [2019-01-11T14:47:05.442Z] Command:       C:\Program Files\nodejs\node.exe C:\Users\auvik\AppData\Roaming\npm\node_modules\firebase-tools\lib\bin\firebase.js serve --only functions
[debug] [2019-01-11T14:47:05.443Z] CLI Version:   6.2.2
[debug] [2019-01-11T14:47:05.444Z] Platform:      win32
[debug] [2019-01-11T14:47:05.444Z] Node Version:  v10.11.0
[debug] [2019-01-11T14:47:05.450Z] Time:          Fri Jan 11 2019 20:47:05 GMT+0600 (Bangladesh Standard Time)
[debug] [2019-01-11T14:47:05.450Z] ----------------------------------------------------------------------
[debug] 
[debug] [2019-01-11T14:47:05.527Z] > command requires scopes: ["email","openid","https://www.googleapis.com/auth/cloudplatformprojects.readonly","https://www.googleapis.com/auth/firebase","https://www.googleapis.com/auth/cloud-platform"]
[debug] [2019-01-11T14:47:05.531Z] > authorizing via signed-in user
[debug] [2019-01-11T14:47:05.532Z] [iam] checking project inspection-app-49829 for permissions ["firebase.projects.get"]
[debug] [2019-01-11T14:47:05.535Z] >>> HTTP REQUEST POST https://cloudresourcemanager.googleapis.com/v1/projects/inspection-app-49829:testIamPermissions  

[debug] [2019-01-11T14:47:07.239Z] <<< HTTP RESPONSE 200
[debug] [2019-01-11T14:47:07.242Z] >>> HTTP REQUEST GET https://cloudresourcemanager.googleapis.com/v1/projects/inspection-app-49829  
 
[debug] [2019-01-11T14:47:08.849Z] <<< HTTP RESPONSE 200
[info] 
[info] === Serving from 'C:\Work\justin\pwa'...
[info] 
[info] i  functions: Preparing to emulate functions.
[debug] [2019-01-11T14:47:09.558Z] Fetching environment
[debug] [2019-01-11T14:47:09.561Z] >>> HTTP REQUEST GET https://mobilesdk-pa.googleapis.com/v1/projects/927219938723:getServerAppConfig  
 
[warn] !  functions: Error from emulator. FirebaseError: Server Error. getaddrinfo ENOTFOUND mobilesdk-pa.googleapis.com mobilesdk-pa.googleapis.com:443
[debug] [2019-01-11T14:47:20.644Z] Error
    at new FirebaseError (C:\Users\auvik\AppData\Roaming\npm\node_modules\firebase-tools\lib\error.js:9:18)
    at Request._callback (C:\Users\auvik\AppData\Roaming\npm\node_modules\firebase-tools\lib\api.js:28:31)
    at self.callback (C:\Users\auvik\AppData\Roaming\npm\node_modules\firebase-tools\node_modules\request\request.js:185:22)
    at Request.emit (events.js:182:13)
    at Request.EventEmitter.emit (domain.js:442:20)
    at Request.onRequestError (C:\Users\auvik\AppData\Roaming\npm\node_modules\firebase-tools\node_modules\request\request.js:881:8)
    at ClientRequest.emit (events.js:182:13)
    at ClientRequest.EventEmitter.emit (domain.js:442:20)
    at TLSSocket.socketErrorListener (_http_client.js:391:9)
    at TLSSocket.emit (events.js:182:13)
[info] Shutting down...
[debug] [2019-01-11T14:47:47.330Z] ----------------------------------------------------------------------
[debug] [2019-01-11T14:47:47.332Z] Command:       C:\Program Files\nodejs\node.exe C:\Users\auvik\AppData\Roaming\npm\node_modules\firebase-tools\lib\bin\firebase.js serve --only functions
[debug] [2019-01-11T14:47:47.332Z] CLI Version:   6.2.2
[debug] [2019-01-11T14:47:47.332Z] Platform:      win32
[debug] [2019-01-11T14:47:47.332Z] Node Version:  v10.11.0
[debug] [2019-01-11T14:47:47.333Z] Time:          Fri Jan 11 2019 20:47:47 GMT+0600 (Bangladesh Standard Time)
[debug] [2019-01-11T14:47:47.333Z] ----------------------------------------------------------------------
[debug] 
[debug] [2019-01-11T14:47:47.344Z] > command requires scopes: ["email","openid","https://www.googleapis.com/auth/cloudplatformprojects.readonly","https://www.googleapis.com/auth/firebase","https://www.googleapis.com/auth/cloud-platform"]
[debug] [2019-01-11T14:47:47.345Z] > authorizing via signed-in user
[debug] [2019-01-11T14:47:47.345Z] [iam] checking project inspection-app-49829 for permissions ["firebase.projects.get"]
[debug] [2019-01-11T14:47:47.347Z] >>> HTTP REQUEST POST https://cloudresourcemanager.googleapis.com/v1/projects/inspection-app-49829:testIamPermissions  

[debug] [2019-01-11T14:47:49.042Z] <<< HTTP RESPONSE 200
[debug] [2019-01-11T14:47:49.043Z] >>> HTTP REQUEST GET https://cloudresourcemanager.googleapis.com/v1/projects/inspection-app-49829  
 
[debug] [2019-01-11T14:47:50.937Z] <<< HTTP RESPONSE 200
[info] 
[info] === Serving from 'C:\Work\justin\pwa'...
[info] 
[info] i  functions: Preparing to emulate functions.
[debug] [2019-01-11T14:47:51.613Z] Fetching environment
[debug] [2019-01-11T14:47:51.617Z] >>> HTTP REQUEST GET https://mobilesdk-pa.googleapis.com/v1/projects/927219938723:getServerAppConfig  
 
[debug] [2019-01-11T14:47:52.192Z] <<< HTTP RESPONSE 200
[debug] [2019-01-11T14:47:52.193Z] Starting @google-cloud/functions-emulator
[debug] [2019-01-11T14:47:53.718Z] Parsing function triggers
[info] +  functions: generateReport: http://localhost:5000/inspection-app-49829/us-central1/generateReport
[info] Shutting down...
