[debug] [2018-03-30T10:49:48.022Z] ----------------------------------------------------------------------
[debug] [2018-03-30T10:49:48.024Z] Command:       C:\Program Files\nodejs\node.exe C:\Users\auvik\AppData\Roaming\npm\node_modules\firebase-tools\bin\firebase deploy
[debug] [2018-03-30T10:49:48.024Z] CLI Version:   3.17.7
[debug] [2018-03-30T10:49:48.024Z] Platform:      win32
[debug] [2018-03-30T10:49:48.024Z] Node Version:  v9.2.0
[debug] [2018-03-30T10:49:48.025Z] Time:          Fri Mar 30 2018 16:49:48 GMT+0600 (Bangladesh Standard Time)
[debug] [2018-03-30T10:49:48.025Z] ----------------------------------------------------------------------
[debug] 
[debug] [2018-03-30T10:49:48.036Z] > command requires scopes: ["email","openid","https://www.googleapis.com/auth/cloudplatformprojects.readonly","https://www.googleapis.com/auth/firebase","https://www.googleapis.com/auth/cloud-platform"]
[debug] [2018-03-30T10:49:48.037Z] > authorizing via signed-in user
[debug] [2018-03-30T10:49:48.039Z] >>> HTTP REQUEST GET https://admin.firebase.com/v1/projects/material-pwa  
  
 Fri Mar 30 2018 16:49:48 GMT+0600 (Bangladesh Standard Time)
[debug] [2018-03-30T10:49:49.607Z] <<< HTTP RESPONSE 200
[debug] [2018-03-30T10:49:49.607Z] >>> HTTP REQUEST GET https://admin.firebase.com/v1/database/material-pwa/tokens  
  
 Fri Mar 30 2018 16:49:49 GMT+0600 (Bangladesh Standard Time)
[debug] [2018-03-30T10:49:50.876Z] <<< HTTP RESPONSE 200
[info] 
[info] === Deploying to 'material-pwa'...
[info] 
[info] i  deploying hosting
[info] i  hosting: preparing build directory for upload...
[debug] [2018-03-30T10:49:55.932Z] >>> HTTP REQUEST PUT https://deploy.firebase.com/v1/hosting/material-pwa/uploads/-L8qWn0XmxE6Ur4-gKwx?fileCount=121&message=  
  
 Fri Mar 30 2018 16:49:55 GMT+0600 (Bangladesh Standard Time)
[debug] [2018-03-30T10:50:33.148Z] Error: write ECONNRESET
    at _errnoException (util.js:1031:13)
    at WriteWrap.afterWrite [as oncomplete] (net.js:873:14)
[error] 
[error] Error: Server Error. write ECONNRESET
